kern.ostype = Darwin
kern.osrelease = 10.8.0
kern.osrevision = 199506
kern.version = Darwin Kernel Version 10.8.0: Tue Jun  7 16:33:36 PDT 2011; root:xnu-1504.15.3~1/RELEASE_I386
kern.maxvnodes = 78848
kern.maxproc = 532
kern.maxfiles = 12288
kern.argmax = 262144
kern.securelevel = 0
kern.hostname = stanley-luis-mac-mini.local
kern.hostid = 0
kern.clockrate: hz = 100, tick = 10000, profhz = 100, stathz = 100
kern.posix1version = 200112
kern.ngroups = 16
kern.job_control = 1
kern.saved_ids = 1
kern.boottime = Sun Dec 11 14:50:15 2011

kern.nisdomainname = 
kern.maxfilesperproc = 10240
kern.maxprocperuid = 266
kern.usrstack = 1606418432
kern.netboot = 0
kern.aiomax = 90
kern.aioprocmax = 16
kern.aiothreads = 4
kern.corefile = /cores/core.%P
kern.coredump = 1
kern.sugid_coredump = 0
kern.delayterm = 0
kern.shreg_private = 0
kern.usrstack64 = 140734799806464
kern.nx = 1
kern.procname = 
kern.speculative_reads_disabled = 0
kern.osversion = 10K549
kern.safeboot = 0
kern.rage_vnode = 0
kern.thread_name = kern
vfs.hfs has 2 mounted instances
vfs.autofs has 2 mounted instances
vfs.msdos has 1 mounted instance
hw.machine = i386
hw.model = Macmini3,1
hw.ncpu = 2
hw.byteorder = 1234
hw.physmem = 2147483648
hw.usermem = 1860022272
hw.pagesize = 4096
hw.epoch = 0
hw.vectorunit = 1
hw.busfrequency = 1064000000
hw.cpufrequency = 2000000000
hw.cachelinesize = 64
hw.l1icachesize = 32768
hw.l1dcachesize = 32768
hw.l2settings = 1
hw.l2cachesize = 3145728
hw.tbfrequency = 1000000000
hw.memsize = 5368709120
hw.availcpu = 2
user.cs_path = /usr/bin:/bin:/usr/sbin:/sbin
user.bc_base_max = 99
user.bc_dim_max = 2048
user.bc_scale_max = 99
user.bc_string_max = 1000
user.coll_weights_max = 2
user.expr_nest_max = 32
user.line_max = 2048
user.re_dup_max = 255
user.posix2_version = 200112
user.posix2_c_bind = 0
user.posix2_c_dev = 0
user.posix2_char_term = 0
user.posix2_fort_dev = 0
user.posix2_fort_run = 0
user.posix2_localedef = 0
user.posix2_sw_dev = 0
user.posix2_upe = 0
user.stream_max = 20
user.tzname_max = 255
kern.ostype: Darwin
kern.osrelease: 10.8.0
kern.osrevision: 199506
kern.version: Darwin Kernel Version 10.8.0: Tue Jun  7 16:33:36 PDT 2011; root:xnu-1504.15.3~1/RELEASE_I386
kern.maxvnodes: 78848
kern.maxproc: 532
kern.maxfiles: 12288
kern.argmax: 262144
kern.securelevel: 0
kern.hostname: stanley-luis-mac-mini.local
kern.hostid: 0
kern.clockrate: { hz = 100, tick = 10000, tickadj = 1, profhz = 100, stathz = 100 }
kern.posix1version: 200112
kern.ngroups: 16
kern.job_control: 1
kern.saved_ids: 1
kern.boottime: { sec = 1323643815, usec = 0 } Sun Dec 11 14:50:15 2011
kern.nisdomainname: 
kern.maxfilesperproc: 10240
kern.maxprocperuid: 266
kern.ipc.maxsockbuf: 4194304
kern.ipc.sockbuf_waste_factor: 8
kern.ipc.somaxconn: 128
kern.ipc.nmbclusters: 32768
kern.ipc.soqlimitcompat: 1
kern.ipc.mb_normalized: 0
kern.ipc.sosendminchain: 16384
kern.ipc.sorecvmincopy: 16384
kern.ipc.sosendjcl: 1
kern.ipc.sosendjcl_ignore_capab: 0
kern.ipc.maxsockets: 512
kern.ipc.sbspace_factor: 8
kern.ipc.njcl: 10920
kern.ipc.njclbytes: 16384
kern.ipc.soqlencomp: 0
kern.ipc.sendfileuiobufs: 64
kern.usrstack: 1606418432
kern.netboot: 0
kern.sysv.shmmax: 4194304
kern.sysv.shmmin: 1
kern.sysv.shmmni: 32
kern.sysv.shmseg: 8
kern.sysv.shmall: 1024
kern.sysv.semmni: 87381
kern.sysv.semmns: 87381
kern.sysv.semmnu: 87381
kern.sysv.semmsl: 87381
kern.sysv.semume: 10
kern.exec.archhandler.powerpc: /usr/libexec/oah/translate
kern.aiomax: 90
kern.aioprocmax: 16
kern.aiothreads: 4
kern.corefile: /cores/core.%P
kern.coredump: 1
kern.sugid_coredump: 0
kern.delayterm: 0
kern.shreg_private: 0
kern.posix.sem.max: 
kern.usrstack64: 140734799806464
kern.nx: 1
kern.tfp.policy: 2
kern.procname: 
kern.speculative_reads_disabled: 0
kern.osversion: 10K549
kern.safeboot: 0
kern.lctx.last: 1
kern.lctx.count: 0
kern.lctx.max: 8192
kern.rage_vnode: 0
kern.tty.ptmx_max: 127
kern.threadname: 
kern.sleeptime: { sec = 0, usec = 0 } Wed Dec 31 16:00:00 1969
kern.waketime: { sec = 0, usec = 0 } Wed Dec 31 16:00:00 1969
kern.willshutdown: 0
kern.progressmeterenable: 0
kern.progressmeter: 0
kern.hibernatefile: 
kern.bootsignature: 
kern.hibernatemode: 0
kern.nbuf: 16384
kern.maxnbuf: 16384
kern.jnl_trim_flush: 240
kern.flush_cache_on_write: 0
kern.sugid_scripts: 0
kern.bootargs: 
kern.num_files: 567
kern.num_vnodes: 12225
kern.num_tasks: 1024
kern.num_threads: 2560
kern.num_taskthreads: 2560
kern.preheat_pages_max: 256
kern.preheat_pages_min: 8
kern.preheat_pages_mult: 4
kern.singleuser: 0
kern.affinity_sets_enabled: 1
kern.affinity_sets_mapping: 1
kern.kdebug_thread_block: 0
kern.stack_size: 16384
kern.stack_depth_max: 11760
kern.ipc_portbt: 0
kern.msgbuf: 
kern.wq_yielded_threshold: 2000
kern.wq_yielded_window_usecs: 30000
kern.wq_stalled_window_usecs: 200
kern.wq_reduce_pool_window_usecs: 5000000
kern.wq_max_timer_interval_usecs: 50000
kern.wq_max_threads: 512
kern.secure_kernel: 0
vm.loadavg: { 0.50 0.50 0.44 }
vm.swapusage: total = 64.00M  used = 0.00M  free = 64.00M  
vm.cs_force_kill: 0
vm.cs_force_hard: 0
vm.cs_debug: 0
vm.global_no_user_wire_amount: 67108864
vm.global_user_wire_limit: 5033164800
vm.user_wire_limit: 5033164800
vm.cs_validation: 1
vm.cs_blob_count: 149
vm.cs_blob_size: 1089312
vm.cs_blob_count_peak: 149
vm.cs_blob_size_peak: 1089312
vm.cs_blob_size_max: 117504
vm.allow_stack_exec: 0
vm.allow_data_exec: 1
vm.shared_region_unnest_logging: 1
vm.shared_region_trace_level: 1
vm.shared_region_version: 3
vm.shared_region_persistence: 0
vm.vm_page_free_target: 2000
vm.memory_pressure: 0
vm.page_free_wanted: 0
vm.page_purgeable_count: 11408
vm.page_purgeable_wired_count: 0
vm.page_reusable_count: 7728
vm.reusable_success: 20879
vm.reusable_failure: 10
vm.reusable_shared: 0
vm.all_reusable_calls: 321
vm.partial_reusable_calls: 20596
vm.reuse_success: 286
vm.reuse_failure: 12
vm.all_reuse_calls: 134
vm.partial_reuse_calls: 177
vm.can_reuse_success: 24434
vm.can_reuse_failure: 272
vfs.generic.nfs.client.initialdowndelay: 12
vfs.generic.nfs.client.nextdowndelay: 30
vfs.generic.nfs.client.iosize: 1048576
vfs.generic.nfs.client.access_cache_timeout: 60
vfs.generic.nfs.client.allow_async: 0
vfs.generic.nfs.client.statfs_rate_limit: 10
vfs.generic.nfs.client.nfsiod_thread_max: 16
vfs.generic.nfs.client.nfsiod_thread_count: 0
vfs.generic.nfs.client.lockd_mounts: 0
vfs.generic.nfs.client.max_async_writes: 128
vfs.generic.nfs.client.single_des: 0
vfs.generic.nfs.client.access_delete: 0
vfs.generic.nfs.server.wg_delay: 1000
vfs.generic.nfs.server.wg_delay_v3: 0
vfs.generic.nfs.server.require_resv_port: 0
vfs.generic.nfs.server.async: 0
vfs.generic.nfs.server.export_hash_size: 64
vfs.generic.nfs.server.reqcache_size: 64
vfs.generic.nfs.server.request_queue_length: 128
vfs.generic.nfs.server.user_stats: 1
vfs.generic.nfs.server.gss_context_ttl: 28800
vfs.generic.nfs.server.fsevents: 1
vfs.generic.nfs.server.nfsd_thread_max: 0
vfs.generic.nfs.server.nfsd_thread_count: 0
vfs.generic.always_do_fullfsync: 0
net.local.stream.sendspace: 8192
net.local.stream.recvspace: 8192
net.local.dgram.maxdgram: 2048
net.local.dgram.recvspace: 4096
net.local.inflight: 0
net.inet.ip.portrange.lowfirst: 1023
net.inet.ip.portrange.lowlast: 600
net.inet.ip.portrange.first: 49152
net.inet.ip.portrange.last: 65535
net.inet.ip.portrange.hifirst: 49152
net.inet.ip.portrange.hilast: 65535
net.inet.ip.forwarding: 0
net.inet.ip.redirect: 1
net.inet.ip.ttl: 64
net.inet.ip.rtexpire: 3600
net.inet.ip.rtminexpire: 10
net.inet.ip.rtmaxcache: 128
net.inet.ip.sourceroute: 0
net.inet.ip.intr_queue_maxlen: 50
net.inet.ip.intr_queue_drops: 0
net.inet.ip.accept_sourceroute: 0
net.inet.ip.fastforwarding: 0
net.inet.ip.keepfaith: 0
net.inet.ip.gifttl: 30
net.inet.ip.subnets_are_local: 0
net.inet.ip.check_route_selfref: 1
net.inet.ip.use_route_genid: 1
net.inet.ip.dummynet.hash_size: 64
net.inet.ip.dummynet.curr_time: 0
net.inet.ip.dummynet.ready_heap: 0
net.inet.ip.dummynet.extract_heap: 0
net.inet.ip.dummynet.searches: 0
net.inet.ip.dummynet.search_steps: 0
net.inet.ip.dummynet.expire: 1
net.inet.ip.dummynet.max_chain_len: 16
net.inet.ip.dummynet.red_lookup_depth: 256
net.inet.ip.dummynet.red_avg_pkt_size: 512
net.inet.ip.dummynet.red_max_pkt_size: 1500
net.inet.ip.dummynet.debug: 0
net.inet.ip.fw.enable: 1
net.inet.ip.fw.autoinc_step: 100
net.inet.ip.fw.one_pass: 0
net.inet.ip.fw.debug: 0
net.inet.ip.fw.verbose: 0
net.inet.ip.fw.verbose_limit: 0
net.inet.ip.fw.dyn_buckets: 256
net.inet.ip.fw.curr_dyn_buckets: 256
net.inet.ip.fw.dyn_count: 0
net.inet.ip.fw.dyn_max: 4096
net.inet.ip.fw.static_count: 1
net.inet.ip.fw.dyn_ack_lifetime: 300
net.inet.ip.fw.dyn_syn_lifetime: 20
net.inet.ip.fw.dyn_fin_lifetime: 1
net.inet.ip.fw.dyn_rst_lifetime: 1
net.inet.ip.fw.dyn_udp_lifetime: 10
net.inet.ip.fw.dyn_short_lifetime: 5
net.inet.ip.fw.dyn_keepalive: 1
net.inet.ip.maxfragpackets: 1024
net.inet.ip.maxfragsperpacket: 128
net.inet.ip.maxfrags: 2048
net.inet.ip.scopedroute: 1
net.inet.ip.check_interface: 0
net.inet.ip.linklocal.in.allowbadttl: 1
net.inet.ip.random_id: 1
net.inet.ip.maxchainsent: 1
net.inet.ip.select_srcif_debug: 0
net.inet.icmp.maskrepl: 0
net.inet.icmp.icmplim: 250
net.inet.icmp.timestamp: 0
net.inet.icmp.drop_redirect: 0
net.inet.icmp.log_redirect: 0
net.inet.icmp.bmcastecho: 1
net.inet.tcp.rfc1323: 1
net.inet.tcp.rfc1644: 0
net.inet.tcp.mssdflt: 512
net.inet.tcp.keepidle: 7200000
net.inet.tcp.keepintvl: 75000
net.inet.tcp.sendspace: 65536
net.inet.tcp.recvspace: 65536
net.inet.tcp.keepinit: 75000
net.inet.tcp.v6mssdflt: 1024
net.inet.tcp.log_in_vain: 0
net.inet.tcp.blackhole: 0
net.inet.tcp.delayed_ack: 3
net.inet.tcp.tcp_lq_overflow: 1
net.inet.tcp.drop_synfin: 1
net.inet.tcp.reass.maxsegments: 2048
net.inet.tcp.reass.cursegments: 0
net.inet.tcp.reass.overflows: 0
net.inet.tcp.slowlink_wsize: 8192
net.inet.tcp.maxseg_unacked: 8
net.inet.tcp.rfc3465: 1
net.inet.tcp.rfc3465_lim2: 1
net.inet.tcp.rexmt_thresh: 2
net.inet.tcp.path_mtu_discovery: 1
net.inet.tcp.slowstart_flightsize: 1
net.inet.tcp.local_slowstart_flightsize: 8
net.inet.tcp.newreno: 0
net.inet.tcp.tso: 1
net.inet.tcp.ecn_initiate_out: 0
net.inet.tcp.ecn_negotiate_in: 0
net.inet.tcp.packetchain: 50
net.inet.tcp.socket_unlocked_on_output: 1
net.inet.tcp.sack: 1
net.inet.tcp.sack_maxholes: 128
net.inet.tcp.sack_globalmaxholes: 65536
net.inet.tcp.sack_globalholes: 0
net.inet.tcp.minmss: 216
net.inet.tcp.minmssoverload: 0
net.inet.tcp.do_tcpdrain: 0
net.inet.tcp.pcbcount: 5
net.inet.tcp.icmp_may_rst: 1
net.inet.tcp.strict_rfc1948: 0
net.inet.tcp.isn_reseed_interval: 0
net.inet.tcp.background_io_enabled: 1
net.inet.tcp.rtt_min: 1
net.inet.tcp.randomize_ports: 0
net.inet.tcp.tcbhashsize: 4096
net.inet.tcp.background_io_trigger: 5
net.inet.tcp.msl: 15000
net.inet.tcp.always_keepalive: 0
net.inet.tcp.broken_peer_syn_rxmit_thres: 7
net.inet.tcp.pmtud_blackhole_detection: 1
net.inet.tcp.pmtud_blackhole_mss: 1200
net.inet.tcp.win_scale_factor: 3
net.inet.tcp.in_sw_cksum: 40667
net.inet.tcp.in_sw_cksum_bytes: 59434230
net.inet.tcp.out_sw_cksum: 24680
net.inet.tcp.out_sw_cksum_bytes: 1112976
net.inet.tcp.sockthreshold: 64
net.inet.udp.checksum: 1
net.inet.udp.maxdgram: 9216
net.inet.udp.recvspace: 42080
net.inet.udp.in_sw_cksum: 54361
net.inet.udp.in_sw_cksum_bytes: 14022294
net.inet.udp.out_sw_cksum: 54741
net.inet.udp.out_sw_cksum_bytes: 13994404
net.inet.udp.log_in_vain: 0
net.inet.udp.blackhole: 0
net.inet.udp.pcbcount: 48
net.inet.udp.randomize_ports: 1
net.inet.ipsec.def_policy: 1
net.inet.ipsec.esp_trans_deflev: 1
net.inet.ipsec.esp_net_deflev: 1
net.inet.ipsec.ah_trans_deflev: 1
net.inet.ipsec.ah_net_deflev: 1
net.inet.ipsec.ah_cleartos: 1
net.inet.ipsec.ah_offsetmask: 0
net.inet.ipsec.dfbit: 0
net.inet.ipsec.ecn: 0
net.inet.ipsec.debug: 0
net.inet.ipsec.esp_randpad: -1
net.inet.ipsec.bypass: 1
net.inet.ipsec.esp_port: 0
net.inet.raw.maxdgram: 8192
net.inet.raw.recvspace: 8192
net.link.generic.system.ifcount: 6
net.link.generic.system.multi_threaded_input: 1
net.link.generic.system.dlil_input_sanity_check: 0
net.link.generic.system.dlil_verbose: 0
net.link.ether.inet.prune_intvl: 300
net.link.ether.inet.max_age: 1200
net.link.ether.inet.host_down_time: 20
net.link.ether.inet.apple_hwcksum_tx: 1
net.link.ether.inet.apple_hwcksum_rx: 1
net.link.ether.inet.maxtries: 5
net.link.ether.inet.useloopback: 1
net.link.ether.inet.proxyall: 0
net.link.ether.inet.sendllconflict: 0
net.link.ether.inet.log_arp_warnings: 0
net.link.ether.inet.keep_announcements: 1
net.link.ether.inet.send_conflicting_probes: 1
net.key.debug: 0
net.key.spi_trycnt: 1000
net.key.spi_minval: 256
net.key.spi_maxval: 268435455
net.key.int_random: 60
net.key.larval_lifetime: 30
net.key.blockacq_count: 10
net.key.blockacq_lifetime: 20
net.key.esp_keymin: 256
net.key.esp_auth: 0
net.key.ah_keymin: 128
net.key.prefered_oldsa: 0
net.key.natt_keepalive_interval: 20
net.inet6.ip6.forwarding: 0
net.inet6.ip6.redirect: 1
net.inet6.ip6.hlim: 64
net.inet6.ip6.maxfragpackets: 1024
net.inet6.ip6.accept_rtadv: 0
net.inet6.ip6.keepfaith: 0
net.inet6.ip6.log_interval: 5
net.inet6.ip6.hdrnestlimit: 50
net.inet6.ip6.dad_count: 1
net.inet6.ip6.auto_flowlabel: 1
net.inet6.ip6.defmcasthlim: 1
net.inet6.ip6.gifhlim: 0
net.inet6.ip6.kame_version: 20010528/apple-darwin
net.inet6.ip6.use_deprecated: 1
net.inet6.ip6.rr_prune: 5
net.inet6.ip6.v6only: 0
net.inet6.ip6.rtexpire: 3600
net.inet6.ip6.rtminexpire: 10
net.inet6.ip6.rtmaxcache: 128
net.inet6.ip6.use_tempaddr: 0
net.inet6.ip6.temppltime: 86400
net.inet6.ip6.tempvltime: 604800
net.inet6.ip6.auto_linklocal: 1
net.inet6.ip6.maxfrags: 8192
net.inet6.ip6.neighborgcthresh: 1024
net.inet6.ip6.maxifprefixes: 16
net.inet6.ip6.maxifdefrouters: 16
net.inet6.ip6.maxdynroutes: 1024
net.inet6.ip6.fw.enable: 1
net.inet6.ip6.fw.debug: 0
net.inet6.ip6.fw.verbose: 0
net.inet6.ip6.fw.verbose_limit: 0
net.inet6.ipsec6.def_policy: 1
net.inet6.ipsec6.esp_trans_deflev: 1
net.inet6.ipsec6.esp_net_deflev: 1
net.inet6.ipsec6.ah_trans_deflev: 1
net.inet6.ipsec6.ah_net_deflev: 1
net.inet6.ipsec6.ecn: 0
net.inet6.ipsec6.debug: 0
net.inet6.ipsec6.esp_randpad: -1
net.inet6.icmp6.rediraccept: 1
net.inet6.icmp6.redirtimeout: 600
net.inet6.icmp6.nd6_prune: 1
net.inet6.icmp6.nd6_delay: 5
net.inet6.icmp6.nd6_umaxtries: 3
net.inet6.icmp6.nd6_mmaxtries: 3
net.inet6.icmp6.nd6_useloopback: 1
net.inet6.icmp6.nodeinfo: 3
net.inet6.icmp6.errppslimit: 500
net.inet6.icmp6.nd6_maxnudhint: 0
net.inet6.icmp6.nd6_debug: 0
net.alf.loglevel: 55
net.alf.perm: 0
net.alf.defaultaction: 1
net.alf.mqcount: 0
debug.lowpri_IO_initial_window_msecs: 100
debug.lowpri_IO_window_inc: 50
debug.lowpri_max_window_msecs: 200
debug.lowpri_max_waiting_msecs: 200
debug.bpf_bufsize: 4096
debug.bpf_maxbufsize: 524288
debug.bpf_maxdevices: 256
debug.kextlog: 4083
debug.iokit: 0
debug.iotrace: 59
debug.iointthreshold: 0
hw.ncpu: 2
hw.byteorder: 1234
hw.memsize: 5368709120
hw.activecpu: 2
hw.physicalcpu: 2
hw.physicalcpu_max: 2
hw.logicalcpu: 2
hw.logicalcpu_max: 2
hw.cputype: 7
hw.cpusubtype: 4
hw.cpu64bit_capable: 1
hw.cpufamily: 2028621756
hw.cacheconfig: 2 1 2 0 0 0 0 0 0 0
hw.cachesize: 5100273664 32768 3145728 0 0 0 0 0 0 0
hw.pagesize: 4096
hw.busfrequency: 1064000000
hw.busfrequency_min: 1064000000
hw.busfrequency_max: 1064000000
hw.cpufrequency: 2000000000
hw.cpufrequency_min: 2000000000
hw.cpufrequency_max: 2000000000
hw.cachelinesize: 64
hw.l1icachesize: 32768
hw.l1dcachesize: 32768
hw.l2cachesize: 3145728
hw.tbfrequency: 1000000000
hw.packages: 1
hw.optional.floatingpoint: 1
hw.optional.mmx: 1
hw.optional.sse: 1
hw.optional.sse2: 1
hw.optional.sse3: 1
hw.optional.supplementalsse3: 1
hw.optional.sse4_1: 1
hw.optional.sse4_2: 0
hw.optional.x86_64: 1
hw.optional.aes: 0
machdep.cpu.max_basic: 13
machdep.cpu.max_ext: 2147483656
machdep.cpu.vendor: GenuineIntel
machdep.cpu.brand_string: Intel(R) Core(TM)2 Duo CPU     P7350  @ 2.00GHz
machdep.cpu.family: 6
machdep.cpu.model: 23
machdep.cpu.extmodel: 1
machdep.cpu.extfamily: 0
machdep.cpu.stepping: 10
machdep.cpu.feature_bits: 3219913727 67691453
machdep.cpu.extfeature_bits: 537921536 1
machdep.cpu.signature: 67194
machdep.cpu.brand: 0
machdep.cpu.features: FPU VME DE PSE TSC MSR PAE MCE CX8 APIC SEP MTRR PGE MCA CMOV PAT PSE36 CLFSH DS ACPI MMX FXSR SSE SSE2 SS HTT TM PBE SSE3 DTES64 MON DSCPL VMX EST TM2 SSSE3 CX16 TPR PDCM SSE4.1 XSAVE
machdep.cpu.extfeatures: SYSCALL XD EM64T LAHF
machdep.cpu.logical_per_package: 2
machdep.cpu.cores_per_package: 2
machdep.cpu.microcode_version: 2567
machdep.cpu.mwait.linesize_min: 64
machdep.cpu.mwait.linesize_max: 64
machdep.cpu.mwait.extensions: 3
machdep.cpu.mwait.sub_Cstates: 51520032
machdep.cpu.thermal.sensor: 1
machdep.cpu.thermal.dynamic_acceleration: 0
machdep.cpu.thermal.invariant_APIC_timer: 0
machdep.cpu.thermal.thresholds: 2
machdep.cpu.thermal.ACNT_MCNT: 1
machdep.cpu.thermal.core_power_limits: 0
machdep.cpu.thermal.fine_grain_clock_mod: 0
machdep.cpu.thermal.package_thermal_intr: 0
machdep.cpu.thermal.hardware_feedback: 1
machdep.cpu.thermal.energy_policy: 0
machdep.cpu.xsave.extended_state: 3 576 576 0
machdep.cpu.arch_perf.version: 2
machdep.cpu.arch_perf.number: 2
machdep.cpu.arch_perf.width: 40
machdep.cpu.arch_perf.events_number: 7
machdep.cpu.arch_perf.events: 0
machdep.cpu.arch_perf.fixed_number: 3
machdep.cpu.arch_perf.fixed_width: 40
machdep.cpu.cache.linesize: 64
machdep.cpu.cache.L2_associativity: 6
machdep.cpu.cache.size: 3072
machdep.cpu.tlb.inst.small: 128
machdep.cpu.tlb.inst.large: 8
machdep.cpu.tlb.data.small: 16
machdep.cpu.tlb.data.small_level1: 256
machdep.cpu.tlb.data.large: 16
machdep.cpu.tlb.data.large_level1: 32
machdep.cpu.address_bits.physical: 36
machdep.cpu.address_bits.virtual: 48
machdep.cpu.core_count: 2
machdep.cpu.thread_count: 2
machdep.pmap.hashwalks: 107273
machdep.pmap.hashcnts: 133423
machdep.pmap.hashmax: 12
machdep.pmap.kernel_text_ps: 2097152
machdep.memmap.Conventional: 5096226816
machdep.memmap.RuntimeServices: 290816
machdep.memmap.ACPIReclaim: 77824
machdep.memmap.ACPINVS: 2211840
machdep.memmap.PalCode: 0
machdep.memmap.Reserved: 268460032
machdep.memmap.Unusable: 0
machdep.memmap.Other: 0
machdep.tsc.frequency: 1990001685
machdep.misc.interrupt_latency_max: 0x0 0x93 0x330a5
security.mac.sandbox.backtraces: 0
security.mac.max_slots: 7
security.mac.labelvnodes: 0
security.mac.mmap_revocation: 0
security.mac.mmap_revocation_via_cow: 0
security.mac.device_enforce: 1
security.mac.file_enforce: 0
security.mac.iokit_enforce: 0
security.mac.pipe_enforce: 1
security.mac.posixsem_enforce: 1
security.mac.posixshm_enforce: 1
security.mac.proc_enforce: 1
security.mac.socket_enforce: 1
security.mac.system_enforce: 1
security.mac.sysvmsg_enforce: 1
security.mac.sysvsem_enforce: 1
security.mac.sysvshm_enforce: 1
security.mac.vm_enforce: 1
security.mac.vnode_enforce: 1
appleprofile.allow_new_clients: 1
appleprofile.enable_profiling: 0
appleprofile.max_special_alloc: 1274701824
appleprofile.current_special_alloc: 0
appleprofile.actions.registered_actions: 6
appleprofile.actions.callstack.default_continuous_buffer_size: 2097152
appleprofile.actions.callstack.max_memory: 33554432
appleprofile.actions.kevent.default_continuous_buffer_size: 5242880
appleprofile.actions.kevent.max_memory: 268435456
appleprofile.actions.register_state.default_continuous_buffer_size: 2097152
appleprofile.actions.register_state.max_memory: 33554432
appleprofile.actions.threadinfo.default_continuous_buffer_size: 1048576
appleprofile.actions.threadinfo.max_memory: 88080384
appleprofile.actions.timestamp.default_continuous_buffer_size: 524288
appleprofile.actions.timestamp.max_memory: 33554432
appleprofile.triggers.poll_interval: 100
appleprofile.triggers.max_access_wait_per_core: 1000000
appleprofile.triggers.max_access_wait_total: 1000000
appleprofile.pmcs.cur_sys_reservations: 0
appleprofile.pmcs.max_sys_reservations: 20
appleprofile.pmcs.cur_task_reservations: 0
appleprofile.pmcs.max_task_reservations: 20
appleprofile.pmcs.cur_thread_reservations: 0
appleprofile.pmcs.max_thread_reservations: 20
